TN:
SF:src/lib/stats-helpers.ts
FN:4,countByMonth
FN:8,decimalAdjust
FN:27,round10
FN:31,worstMonth
FNF:4
FNH:4
FNDA:1,countByMonth
FNDA:1,decimalAdjust
FNDA:1,round10
FNDA:1,worstMonth
DA:1,1
DA:2,1
DA:3,1
DA:4,1
DA:5,1
DA:6,1
DA:7,1
DA:8,1
DA:9,1
DA:10,1
DA:11,0
DA:12,0
DA:13,1
DA:14,1
DA:15,1
DA:16,1
DA:17,1
DA:18,0
DA:19,0
DA:20,1
DA:21,1
DA:22,1
DA:23,1
DA:24,1
DA:25,1
DA:26,1
DA:27,1
DA:28,1
DA:29,1
DA:30,1
DA:31,1
DA:32,1
DA:33,1
DA:34,1
DA:35,1
DA:36,1
DA:37,1
DA:38,1
DA:39,1
DA:40,1
DA:41,1
LF:41
LH:37
BRDA:4,0,0,1
BRDA:5,1,0,42
BRDA:8,2,0,1
BRDA:10,3,0,0
BRDA:17,4,0,0
BRDA:22,5,0,0
BRDA:25,6,0,0
BRDA:27,7,0,1
BRDA:31,8,0,1
BRDA:40,9,0,0
BRDA:33,10,0,3
BRDA:35,11,0,3
BRF:12
BRH:7
end_of_record
